2024-07-10 17:54:22,039 INFO o.a.j.u.JMeterUtils: Setting Locale to en_EN
2024-07-10 17:54:22,052 INFO o.a.j.JMeter: Copyright (c) 1998-2023 The Apache Software Foundation
2024-07-10 17:54:22,052 INFO o.a.j.JMeter: Version 5.6.2
2024-07-10 17:54:22,052 INFO o.a.j.JMeter: java.version=17.0.8
2024-07-10 17:54:22,052 INFO o.a.j.JMeter: java.vm.name=OpenJDK 64-Bit Server VM
2024-07-10 17:54:22,052 INFO o.a.j.JMeter: os.name=Mac OS X
2024-07-10 17:54:22,052 INFO o.a.j.JMeter: os.arch=aarch64
2024-07-10 17:54:22,052 INFO o.a.j.JMeter: os.version=14.5
2024-07-10 17:54:22,052 INFO o.a.j.JMeter: file.encoding=UTF-8
2024-07-10 17:54:22,052 INFO o.a.j.JMeter: java.awt.headless=null
2024-07-10 17:54:22,052 INFO o.a.j.JMeter: Max memory     =1073741824
2024-07-10 17:54:22,053 INFO o.a.j.JMeter: Available Processors =10
2024-07-10 17:54:22,057 INFO o.a.j.JMeter: Default Locale=English (EN)
2024-07-10 17:54:22,057 INFO o.a.j.JMeter: JMeter  Locale=English (EN)
2024-07-10 17:54:22,057 INFO o.a.j.JMeter: JMeterHome=/opt/homebrew/Cellar/jmeter/5.6.2/libexec
2024-07-10 17:54:22,057 INFO o.a.j.JMeter: user.dir  =/Users/jeffmiller/temp/ADR
2024-07-10 17:54:22,057 INFO o.a.j.JMeter: PWD       =/Users/jeffmiller/temp/ADR
2024-07-10 17:54:22,069 INFO o.a.j.JMeter: IP: 192.168.1.72 Name: Jeffs-MBP-5.attlocal.net FullName: 192.168.1.72
2024-07-10 17:54:22,077 INFO o.a.j.JMeter: Loaded icon properties from org/apache/jmeter/images/icon.properties
2024-07-10 17:54:22,375 INFO o.a.j.JMeterGuiLauncher: Setting LAF to: laf:com.apple.laf.AquaLookAndFeel
2024-07-10 17:54:23,049 INFO o.a.j.r.ClassFinder: Will scan jar /opt/homebrew/Cellar/jmeter/5.6.2/libexec/lib/ext/jmeter-plugins-manager-1.10.jar with filter ExtendsClassFilter [parents=[interface org.apache.jmeter.gui.action.Command], inner=false, contains=null, notContains=null]. Consider exposing JMeter plugins via META-INF/services, and add JMeter-Skip-Class-Scanning=true manifest attribute so JMeter can skip classfile scanning
2024-07-10 17:54:23,085 INFO o.a.j.r.ClassFinder: Will scan jar /opt/homebrew/Cellar/jmeter/5.6.2/libexec/lib/ext/jmeter-grpc-request.jar with filter ExtendsClassFilter [parents=[interface org.apache.jmeter.gui.action.Command], inner=false, contains=null, notContains=null]. Consider exposing JMeter plugins via META-INF/services, and add JMeter-Skip-Class-Scanning=true manifest attribute so JMeter can skip classfile scanning
2024-07-10 17:54:23,352 INFO o.a.j.r.ClassFinder: Will scan jar /opt/homebrew/Cellar/jmeter/5.6.2/libexec/lib/ext/jmeter-plugins-manager-1.10.jar with filter ExtendsClassFilter [parents=[interface org.apache.jmeter.gui.plugin.MenuCreator], inner=false, contains=null, notContains=null]. Consider exposing JMeter plugins via META-INF/services, and add JMeter-Skip-Class-Scanning=true manifest attribute so JMeter can skip classfile scanning
2024-07-10 17:54:23,353 INFO o.a.j.r.ClassFinder: Will scan jar /opt/homebrew/Cellar/jmeter/5.6.2/libexec/lib/ext/jmeter-grpc-request.jar with filter ExtendsClassFilter [parents=[interface org.apache.jmeter.gui.plugin.MenuCreator], inner=false, contains=null, notContains=null]. Consider exposing JMeter plugins via META-INF/services, and add JMeter-Skip-Class-Scanning=true manifest attribute so JMeter can skip classfile scanning
2024-07-10 17:54:23,417 INFO o.j.r.JARSourceHTTP: Found cached repo
2024-07-10 17:54:23,508 INFO o.j.r.PluginManager: Plugins Status: [jmeter-grpc-request=grpc-request, jpgc-plugins-manager=1.10, jmeter-core=5.6.2, jmeter-ftp=5.6.2, jmeter-http=5.6.2, jmeter-jdbc=5.6.2, jmeter-jms=5.6.2, jmeter-junit=5.6.2, jmeter-java=5.6.2, jmeter-ldap=5.6.2, jmeter-mail=5.6.2, jmeter-mongodb=5.6.2, jmeter-native=5.6.2, jmeter-tcp=5.6.2, jmeter-components=5.6.2]
2024-07-10 17:54:24,599 INFO o.a.j.JMeterGuiLauncher: Loading file: ./jmeter/OpenCDX.jmx
2024-07-10 17:54:24,601 INFO o.a.j.s.FileServer: Default base='/Users/jeffmiller/temp/ADR'
2024-07-10 17:54:24,601 INFO o.a.j.s.FileServer: Set new base='/Users/jeffmiller/temp/ADR/./jmeter'
2024-07-10 17:54:24,726 INFO o.a.j.s.SaveService: Testplan (JMX) version: 2.2. Testlog (JTL) version: 2.2
2024-07-10 17:54:24,733 INFO o.a.j.s.SaveService: Using SaveService properties version 5.0
2024-07-10 17:54:24,735 INFO o.a.j.s.SaveService: Using SaveService properties file encoding UTF-8
2024-07-10 17:54:24,736 INFO o.a.j.s.SaveService: Loading file: ./jmeter/OpenCDX.jmx
2024-07-10 17:54:25,021 INFO o.a.j.s.FileServer: Set new base='/Users/jeffmiller/temp/ADR/./jmeter'
2024-07-10 17:54:25,102 INFO o.a.j.s.SampleResult: Note: Sample TimeStamps are END times
2024-07-10 17:54:25,102 INFO o.a.j.s.SampleResult: sampleresult.default.encoding is set to UTF-8
2024-07-10 17:54:25,102 INFO o.a.j.s.SampleResult: sampleresult.useNanoTime=true
2024-07-10 17:54:25,102 INFO o.a.j.s.SampleResult: sampleresult.nanoThreadSleep=5000
2024-07-10 17:54:25,168 INFO o.a.j.r.ClassFinder: Will scan jar /opt/homebrew/Cellar/jmeter/5.6.2/libexec/lib/ext/jmeter-plugins-manager-1.10.jar with filter ExtendsClassFilter [parents=[interface org.apache.jmeter.visualizers.ResultRenderer], inner=false, contains=null, notContains=null]. Consider exposing JMeter plugins via META-INF/services, and add JMeter-Skip-Class-Scanning=true manifest attribute so JMeter can skip classfile scanning
2024-07-10 17:54:25,169 INFO o.a.j.r.ClassFinder: Will scan jar /opt/homebrew/Cellar/jmeter/5.6.2/libexec/lib/ext/jmeter-grpc-request.jar with filter ExtendsClassFilter [parents=[interface org.apache.jmeter.visualizers.ResultRenderer], inner=false, contains=null, notContains=null]. Consider exposing JMeter plugins via META-INF/services, and add JMeter-Skip-Class-Scanning=true manifest attribute so JMeter can skip classfile scanning
2024-07-10 17:54:25,184 INFO o.a.j.r.ClassFinder: Will scan jar /opt/homebrew/Cellar/jmeter/5.6.2/libexec/lib/ext/jmeter-plugins-manager-1.10.jar with filter ExtendsClassFilter [parents=[interface org.apache.jmeter.visualizers.RequestView], inner=false, contains=null, notContains=null]. Consider exposing JMeter plugins via META-INF/services, and add JMeter-Skip-Class-Scanning=true manifest attribute so JMeter can skip classfile scanning
2024-07-10 17:54:25,185 INFO o.a.j.r.ClassFinder: Will scan jar /opt/homebrew/Cellar/jmeter/5.6.2/libexec/lib/ext/jmeter-grpc-request.jar with filter ExtendsClassFilter [parents=[interface org.apache.jmeter.visualizers.RequestView], inner=false, contains=null, notContains=null]. Consider exposing JMeter plugins via META-INF/services, and add JMeter-Skip-Class-Scanning=true manifest attribute so JMeter can skip classfile scanning
2024-07-10 17:54:42,354 INFO o.a.j.e.StandardJMeterEngine: Running the test!
2024-07-10 17:54:42,354 INFO o.a.j.s.SampleEvent: List of sample_variables: []
2024-07-10 17:54:42,354 INFO o.a.j.s.SampleEvent: List of sample_variables: []
2024-07-10 17:54:42,371 INFO o.a.j.r.ClassFinder: Will scan jar /opt/homebrew/Cellar/jmeter/5.6.2/libexec/lib/ext/jmeter-plugins-manager-1.10.jar with filter ExtendsClassFilter [parents=[interface org.apache.jmeter.functions.Function], inner=false, contains=null, notContains=null]. Consider exposing JMeter plugins via META-INF/services, and add JMeter-Skip-Class-Scanning=true manifest attribute so JMeter can skip classfile scanning
2024-07-10 17:54:42,372 INFO o.a.j.r.ClassFinder: Will scan jar /opt/homebrew/Cellar/jmeter/5.6.2/libexec/lib/ext/jmeter-grpc-request.jar with filter ExtendsClassFilter [parents=[interface org.apache.jmeter.functions.Function], inner=false, contains=null, notContains=null]. Consider exposing JMeter plugins via META-INF/services, and add JMeter-Skip-Class-Scanning=true manifest attribute so JMeter can skip classfile scanning
2024-07-10 17:54:42,394 INFO o.a.j.g.u.JMeterMenuBar: setRunning(true, *local*)
2024-07-10 17:54:42,419 INFO o.a.j.e.StandardJMeterEngine: Starting ThreadGroup: 1 : Setup Details
2024-07-10 17:54:42,420 INFO o.a.j.e.StandardJMeterEngine: Starting 1 threads for group Setup Details.
2024-07-10 17:54:42,420 INFO o.a.j.e.StandardJMeterEngine: Thread will continue on error
2024-07-10 17:54:42,420 INFO o.a.j.t.ThreadGroup: Starting thread group... number=1 threads=1 ramp-up=1 delayedStart=false
2024-07-10 17:54:42,423 INFO o.a.j.t.ThreadGroup: Started thread group number 1
2024-07-10 17:54:42,423 INFO o.a.j.e.StandardJMeterEngine: Waiting for thread group: Setup Details to finish before starting next group
2024-07-10 17:54:42,423 INFO o.a.j.t.JMeterThread: Thread started: Setup Details 1-1
2024-07-10 17:54:42,428 INFO o.a.j.u.BeanShellTestElement: Users: 10 Rampup: 1
2024-07-10 17:54:42,432 INFO o.a.j.t.JMeterThread: Thread is done: Setup Details 1-1
2024-07-10 17:54:42,432 INFO o.a.j.t.JMeterThread: Thread finished: Setup Details 1-1
2024-07-10 17:54:42,432 INFO o.a.j.e.StandardJMeterEngine: Starting ThreadGroup: 2 : Tests
2024-07-10 17:54:42,433 INFO o.a.j.e.StandardJMeterEngine: Starting 10 threads for group Tests.
2024-07-10 17:54:42,433 INFO o.a.j.e.StandardJMeterEngine: Thread will continue on error
2024-07-10 17:54:42,433 INFO o.a.j.t.ThreadGroup: Starting thread group... number=2 threads=10 ramp-up=1 delayedStart=false
2024-07-10 17:54:42,435 INFO o.a.j.t.JMeterThread: Thread started: Tests 2-1
2024-07-10 17:54:42,466 INFO o.a.j.t.ThreadGroup: Started thread group number 2
2024-07-10 17:54:42,467 INFO o.a.j.e.StandardJMeterEngine: All thread groups have been started
2024-07-10 17:54:42,540 INFO o.a.j.t.JMeterThread: Thread started: Tests 2-2
2024-07-10 17:54:42,643 INFO o.a.j.t.JMeterThread: Thread started: Tests 2-3
2024-07-10 17:54:42,747 INFO o.a.j.t.JMeterThread: Thread started: Tests 2-4
2024-07-10 17:54:42,792 INFO o.a.j.p.h.s.HTTPHCAbstractImpl: Local host = Jeffs-MBP-5.attlocal.net
2024-07-10 17:54:42,795 INFO o.a.j.p.h.s.HTTPHC4Impl: HTTP request retry count = 0
2024-07-10 17:54:42,817 INFO o.a.j.p.h.s.h.LazyLayeredConnectionSocketFactory: Setting up HTTPS TrustAll Socket Factory
2024-07-10 17:54:42,818 INFO o.a.j.u.JsseSSLManager: Using default SSL protocol: TLS
2024-07-10 17:54:42,818 INFO o.a.j.u.JsseSSLManager: SSL session context: per-thread
2024-07-10 17:54:42,820 INFO o.a.j.u.SSLManager: JmeterKeyStore Location:  type JKS
2024-07-10 17:54:42,820 INFO o.a.j.u.SSLManager: KeyStore created OK
2024-07-10 17:54:42,820 WARN o.a.j.u.SSLManager: Keystore file not found, loading empty keystore
2024-07-10 17:54:42,830 INFO o.a.j.t.JMeterThread: Thread is done: Tests 2-4
2024-07-10 17:54:42,830 INFO o.a.j.t.JMeterThread: Thread is done: Tests 2-3
2024-07-10 17:54:42,830 INFO o.a.j.t.JMeterThread: Thread is done: Tests 2-2
2024-07-10 17:54:42,830 INFO o.a.j.t.JMeterThread: Thread finished: Tests 2-4
2024-07-10 17:54:42,830 INFO o.a.j.t.JMeterThread: Thread finished: Tests 2-3
2024-07-10 17:54:42,830 INFO o.a.j.t.JMeterThread: Thread finished: Tests 2-2
2024-07-10 17:54:42,830 INFO o.a.j.t.JMeterThread: Thread is done: Tests 2-1
2024-07-10 17:54:42,830 INFO o.a.j.t.JMeterThread: Thread finished: Tests 2-1
2024-07-10 17:54:42,840 INFO o.a.j.t.JMeterThread: Thread started: Tests 2-5
2024-07-10 17:54:42,846 INFO o.a.j.t.JMeterThread: Thread is done: Tests 2-5
2024-07-10 17:54:42,846 INFO o.a.j.t.JMeterThread: Thread finished: Tests 2-5
2024-07-10 17:54:42,938 INFO o.a.j.t.JMeterThread: Thread started: Tests 2-6
2024-07-10 17:54:42,944 INFO o.a.j.t.JMeterThread: Thread is done: Tests 2-6
2024-07-10 17:54:42,944 INFO o.a.j.t.JMeterThread: Thread finished: Tests 2-6
2024-07-10 17:54:43,039 INFO o.a.j.t.JMeterThread: Thread started: Tests 2-7
2024-07-10 17:54:43,045 INFO o.a.j.t.JMeterThread: Thread is done: Tests 2-7
2024-07-10 17:54:43,045 INFO o.a.j.t.JMeterThread: Thread finished: Tests 2-7
2024-07-10 17:54:43,137 INFO o.a.j.t.JMeterThread: Thread started: Tests 2-8
2024-07-10 17:54:43,142 INFO o.a.j.t.JMeterThread: Thread is done: Tests 2-8
2024-07-10 17:54:43,143 INFO o.a.j.t.JMeterThread: Thread finished: Tests 2-8
2024-07-10 17:54:43,239 INFO o.a.j.t.JMeterThread: Thread started: Tests 2-9
2024-07-10 17:54:43,246 INFO o.a.j.t.JMeterThread: Thread is done: Tests 2-9
2024-07-10 17:54:43,246 INFO o.a.j.t.JMeterThread: Thread finished: Tests 2-9
2024-07-10 17:54:43,340 INFO o.a.j.t.JMeterThread: Thread started: Tests 2-10
2024-07-10 17:54:43,349 INFO o.a.j.t.JMeterThread: Thread is done: Tests 2-10
2024-07-10 17:54:43,349 INFO o.a.j.t.JMeterThread: Thread finished: Tests 2-10
2024-07-10 17:54:43,349 INFO o.a.j.e.StandardJMeterEngine: Notifying test listeners of end of test
2024-07-10 17:54:43,350 INFO o.a.j.r.Summariser: Generate Summary Results =     21 in 00:00:01 =   22.0/s Avg:    42 Min:     1 Max:   355 Err:    10 (47.62%)
2024-07-10 17:54:43,350 INFO o.a.j.g.u.JMeterMenuBar: setRunning(false, *local*)
2024-07-10 17:55:29,158 INFO o.a.j.e.StandardJMeterEngine: Running the test!
2024-07-10 17:55:29,159 INFO o.a.j.s.SampleEvent: List of sample_variables: []
2024-07-10 17:55:29,161 INFO o.a.j.g.u.JMeterMenuBar: setRunning(true, *local*)
2024-07-10 17:55:29,185 INFO o.a.j.e.StandardJMeterEngine: Starting ThreadGroup: 1 : Setup Details
2024-07-10 17:55:29,185 INFO o.a.j.e.StandardJMeterEngine: Starting 1 threads for group Setup Details.
2024-07-10 17:55:29,186 INFO o.a.j.e.StandardJMeterEngine: Thread will continue on error
2024-07-10 17:55:29,186 INFO o.a.j.t.ThreadGroup: Starting thread group... number=1 threads=1 ramp-up=1 delayedStart=false
2024-07-10 17:55:29,188 INFO o.a.j.t.ThreadGroup: Started thread group number 1
2024-07-10 17:55:29,188 INFO o.a.j.e.StandardJMeterEngine: Waiting for thread group: Setup Details to finish before starting next group
2024-07-10 17:55:29,188 INFO o.a.j.t.JMeterThread: Thread started: Setup Details 1-1
2024-07-10 17:55:29,189 INFO o.a.j.u.BeanShellTestElement: Users: 10 Rampup: 1
2024-07-10 17:55:29,190 INFO o.a.j.t.JMeterThread: Thread is done: Setup Details 1-1
2024-07-10 17:55:29,190 INFO o.a.j.t.JMeterThread: Thread finished: Setup Details 1-1
2024-07-10 17:55:29,190 INFO o.a.j.e.StandardJMeterEngine: Starting ThreadGroup: 2 : Tests
2024-07-10 17:55:29,190 INFO o.a.j.e.StandardJMeterEngine: Starting 10 threads for group Tests.
2024-07-10 17:55:29,190 INFO o.a.j.e.StandardJMeterEngine: Thread will continue on error
2024-07-10 17:55:29,191 INFO o.a.j.t.ThreadGroup: Starting thread group... number=2 threads=10 ramp-up=1 delayedStart=false
2024-07-10 17:55:29,193 INFO o.a.j.t.JMeterThread: Thread started: Tests 2-1
2024-07-10 17:55:29,204 INFO o.a.j.t.ThreadGroup: Started thread group number 2
2024-07-10 17:55:29,204 INFO o.a.j.e.StandardJMeterEngine: All thread groups have been started
2024-07-10 17:55:29,247 INFO o.a.j.t.JMeterThread: Thread is done: Tests 2-1
2024-07-10 17:55:29,247 INFO o.a.j.t.JMeterThread: Thread finished: Tests 2-1
2024-07-10 17:55:29,298 INFO o.a.j.t.JMeterThread: Thread started: Tests 2-2
2024-07-10 17:55:29,330 INFO o.a.j.t.JMeterThread: Thread is done: Tests 2-2
2024-07-10 17:55:29,330 INFO o.a.j.t.JMeterThread: Thread finished: Tests 2-2
2024-07-10 17:55:29,392 INFO o.a.j.t.JMeterThread: Thread started: Tests 2-3
2024-07-10 17:55:29,421 INFO o.a.j.t.JMeterThread: Thread is done: Tests 2-3
2024-07-10 17:55:29,421 INFO o.a.j.t.JMeterThread: Thread finished: Tests 2-3
2024-07-10 17:55:29,497 INFO o.a.j.t.JMeterThread: Thread started: Tests 2-4
2024-07-10 17:55:29,528 INFO o.a.j.t.JMeterThread: Thread is done: Tests 2-4
2024-07-10 17:55:29,528 INFO o.a.j.t.JMeterThread: Thread finished: Tests 2-4
2024-07-10 17:55:29,594 INFO o.a.j.t.JMeterThread: Thread started: Tests 2-5
2024-07-10 17:55:29,624 INFO o.a.j.t.JMeterThread: Thread is done: Tests 2-5
2024-07-10 17:55:29,624 INFO o.a.j.t.JMeterThread: Thread finished: Tests 2-5
2024-07-10 17:55:29,695 INFO o.a.j.t.JMeterThread: Thread started: Tests 2-6
2024-07-10 17:55:29,725 INFO o.a.j.t.JMeterThread: Thread is done: Tests 2-6
2024-07-10 17:55:29,726 INFO o.a.j.t.JMeterThread: Thread finished: Tests 2-6
2024-07-10 17:55:29,798 INFO o.a.j.t.JMeterThread: Thread started: Tests 2-7
2024-07-10 17:55:29,824 INFO o.a.j.t.JMeterThread: Thread is done: Tests 2-7
2024-07-10 17:55:29,824 INFO o.a.j.t.JMeterThread: Thread finished: Tests 2-7
2024-07-10 17:55:29,898 INFO o.a.j.t.JMeterThread: Thread started: Tests 2-8
2024-07-10 17:55:29,933 INFO o.a.j.t.JMeterThread: Thread is done: Tests 2-8
2024-07-10 17:55:29,933 INFO o.a.j.t.JMeterThread: Thread finished: Tests 2-8
2024-07-10 17:55:29,998 INFO o.a.j.t.JMeterThread: Thread started: Tests 2-9
2024-07-10 17:55:30,020 INFO o.a.j.r.Summariser: Generate Summary Results +     19 in 00:00:01 =   22.1/s Avg:    14 Min:     0 Max:    33 Err:     0 (0.00%) Active: 1 Started: 10 Finished: 9
2024-07-10 17:55:30,021 INFO o.a.j.t.JMeterThread: Thread is done: Tests 2-9
2024-07-10 17:55:30,021 INFO o.a.j.t.JMeterThread: Thread finished: Tests 2-9
2024-07-10 17:55:30,094 INFO o.a.j.t.JMeterThread: Thread started: Tests 2-10
2024-07-10 17:55:30,115 INFO o.a.j.t.JMeterThread: Thread is done: Tests 2-10
2024-07-10 17:55:30,115 INFO o.a.j.t.JMeterThread: Thread finished: Tests 2-10
2024-07-10 17:55:30,116 INFO o.a.j.e.StandardJMeterEngine: Notifying test listeners of end of test
2024-07-10 17:55:30,116 INFO o.a.j.r.Summariser: Generate Summary Results +      2 in 00:00:00 =   20.8/s Avg:    10 Min:     1 Max:    19 Err:     0 (0.00%) Active: 0 Started: 11 Finished: 11
2024-07-10 17:55:30,116 INFO o.a.j.r.Summariser: Generate Summary Results =     21 in 00:00:01 =   22.0/s Avg:    14 Min:     0 Max:    33 Err:     0 (0.00%)
2024-07-10 17:55:30,116 INFO o.a.j.g.u.JMeterMenuBar: setRunning(false, *local*)
2024-07-10 17:56:46,075 INFO o.a.j.e.StandardJMeterEngine: Running the test!
2024-07-10 17:56:46,076 INFO o.a.j.s.SampleEvent: List of sample_variables: []
2024-07-10 17:56:46,077 INFO o.a.j.g.u.JMeterMenuBar: setRunning(true, *local*)
2024-07-10 17:56:46,100 INFO o.a.j.e.StandardJMeterEngine: Starting ThreadGroup: 1 : Setup Details
2024-07-10 17:56:46,101 INFO o.a.j.e.StandardJMeterEngine: Starting 1 threads for group Setup Details.
2024-07-10 17:56:46,101 INFO o.a.j.e.StandardJMeterEngine: Thread will continue on error
2024-07-10 17:56:46,101 INFO o.a.j.t.ThreadGroup: Starting thread group... number=1 threads=1 ramp-up=1 delayedStart=false
2024-07-10 17:56:46,103 INFO o.a.j.t.ThreadGroup: Started thread group number 1
2024-07-10 17:56:46,103 INFO o.a.j.e.StandardJMeterEngine: Waiting for thread group: Setup Details to finish before starting next group
2024-07-10 17:56:46,103 INFO o.a.j.t.JMeterThread: Thread started: Setup Details 1-1
2024-07-10 17:56:46,103 INFO o.a.j.u.BeanShellTestElement: Users: 10 Rampup: 1
2024-07-10 17:56:46,104 INFO o.a.j.t.JMeterThread: Thread is done: Setup Details 1-1
2024-07-10 17:56:46,104 INFO o.a.j.t.JMeterThread: Thread finished: Setup Details 1-1
2024-07-10 17:56:46,104 INFO o.a.j.e.StandardJMeterEngine: Starting ThreadGroup: 2 : Tests
2024-07-10 17:56:46,105 INFO o.a.j.e.StandardJMeterEngine: Starting 10 threads for group Tests.
2024-07-10 17:56:46,105 INFO o.a.j.e.StandardJMeterEngine: Thread will continue on error
2024-07-10 17:56:46,105 INFO o.a.j.t.ThreadGroup: Starting thread group... number=2 threads=10 ramp-up=1 delayedStart=false
2024-07-10 17:56:46,106 INFO o.a.j.t.JMeterThread: Thread started: Tests 2-1
2024-07-10 17:56:46,117 INFO o.a.j.t.ThreadGroup: Started thread group number 2
2024-07-10 17:56:46,117 INFO o.a.j.e.StandardJMeterEngine: All thread groups have been started
2024-07-10 17:56:46,143 INFO o.a.j.t.JMeterThread: Thread is done: Tests 2-1
2024-07-10 17:56:46,143 INFO o.a.j.t.JMeterThread: Thread finished: Tests 2-1
2024-07-10 17:56:46,211 INFO o.a.j.t.JMeterThread: Thread started: Tests 2-2
2024-07-10 17:56:46,241 INFO o.a.j.t.JMeterThread: Thread is done: Tests 2-2
2024-07-10 17:56:46,241 INFO o.a.j.t.JMeterThread: Thread finished: Tests 2-2
2024-07-10 17:56:46,308 INFO o.a.j.t.JMeterThread: Thread started: Tests 2-3
2024-07-10 17:56:46,340 INFO o.a.j.t.JMeterThread: Thread is done: Tests 2-3
2024-07-10 17:56:46,340 INFO o.a.j.t.JMeterThread: Thread finished: Tests 2-3
2024-07-10 17:56:46,411 INFO o.a.j.t.JMeterThread: Thread started: Tests 2-4
2024-07-10 17:56:46,437 INFO o.a.j.t.JMeterThread: Thread is done: Tests 2-4
2024-07-10 17:56:46,437 INFO o.a.j.t.JMeterThread: Thread finished: Tests 2-4
2024-07-10 17:56:46,507 INFO o.a.j.t.JMeterThread: Thread started: Tests 2-5
2024-07-10 17:56:46,537 INFO o.a.j.t.JMeterThread: Thread is done: Tests 2-5
2024-07-10 17:56:46,538 INFO o.a.j.t.JMeterThread: Thread finished: Tests 2-5
2024-07-10 17:56:46,611 INFO o.a.j.t.JMeterThread: Thread started: Tests 2-6
2024-07-10 17:56:46,641 INFO o.a.j.t.JMeterThread: Thread is done: Tests 2-6
2024-07-10 17:56:46,641 INFO o.a.j.t.JMeterThread: Thread finished: Tests 2-6
2024-07-10 17:56:46,711 INFO o.a.j.t.JMeterThread: Thread started: Tests 2-7
2024-07-10 17:56:46,738 INFO o.a.j.t.JMeterThread: Thread is done: Tests 2-7
2024-07-10 17:56:46,739 INFO o.a.j.t.JMeterThread: Thread finished: Tests 2-7
2024-07-10 17:56:46,810 INFO o.a.j.t.JMeterThread: Thread started: Tests 2-8
2024-07-10 17:56:46,842 INFO o.a.j.t.JMeterThread: Thread is done: Tests 2-8
2024-07-10 17:56:46,842 INFO o.a.j.t.JMeterThread: Thread finished: Tests 2-8
2024-07-10 17:56:46,911 INFO o.a.j.t.JMeterThread: Thread started: Tests 2-9
2024-07-10 17:56:46,938 INFO o.a.j.t.JMeterThread: Thread is done: Tests 2-9
2024-07-10 17:56:46,938 INFO o.a.j.t.JMeterThread: Thread finished: Tests 2-9
2024-07-10 17:56:47,011 INFO o.a.j.t.JMeterThread: Thread started: Tests 2-10
2024-07-10 17:56:47,039 INFO o.a.j.t.JMeterThread: Thread is done: Tests 2-10
2024-07-10 17:56:47,040 INFO o.a.j.t.JMeterThread: Thread finished: Tests 2-10
2024-07-10 17:56:47,040 INFO o.a.j.e.StandardJMeterEngine: Notifying test listeners of end of test
2024-07-10 17:56:47,040 INFO o.a.j.r.Summariser: Generate Summary Results =     31 in 00:00:01 =   32.2/s Avg:     9 Min:     0 Max:    26 Err:     0 (0.00%)
2024-07-10 17:56:47,040 INFO o.a.j.g.u.JMeterMenuBar: setRunning(false, *local*)
